Build started 2015-06-29 20:11:41.
     1>Project "F:\Moje dokumenty\Valve3\Valve3.vcxproj" on node 2 (Rebuild target(s)).
     1>ClCompile:
         F:\Program Files\Microsoft Visual Studio 12.0\VC\bin\CL.exe /c /I\. /I\include /Zi /nologo /W1 /WX- /O2 /Oy- /D NDEBUG /D UNICODE /D _UNICODE /D _WINDLL /Gm- /EHsc /MD /GS /fp:precise /Zc:wchar_t /Zc:forScope /Fo"Release_Unicode\\" /Fd"Release_Unicode\vc120.pdb" /Gz /TP /analyze- /errorReport:prompt Valve3.cpp Valve3Prop.cpp
         Valve3.cpp
         Valve3Prop.cpp
         Generating Code...
       ResourceCompile:
         D:\Program Files\Windows Kits\8.1\bin\x86\rc.exe /l"0x0409" /nologo /fo"Release_Unicode\Valve3.res" Valve3.rc 
     1>D:\Program Files\MSBuild\Microsoft.Cpp\v4.0\V120\Microsoft.CppBuild.targets(1193,5): warning MSB8012: TargetPath(F:\Moje dokumenty\Valve3\Release_Unicode\Valve_echo.dll) does not match the Linker's OutputFile property value (F:\Moje dokumenty\Valve3\Release_Unicode\Valve3.ax). This may cause your project to build incorrectly. To correct this, please make sure that $(OutDir), $(TargetName) and $(TargetExt) property values match the value specified in %(Link.OutputFile).
     1>D:\Program Files\MSBuild\Microsoft.Cpp\v4.0\V120\Microsoft.CppBuild.targets(1194,5): warning MSB8012: TargetExt(.dll) does not match the Linker's OutputFile property value (.ax). This may cause your project to build incorrectly. To correct this, please make sure that $(OutDir), $(TargetName) and $(TargetExt) property values match the value specified in %(Link.OutputFile).
     1>D:\Program Files\MSBuild\Microsoft.Cpp\v4.0\V120\Microsoft.CppBuild.targets(1195,5): warning MSB8012: TargetName(Valve_echo) does not match the Linker's OutputFile property value (Valve3). This may cause your project to build incorrectly. To correct this, please make sure that $(OutDir), $(TargetName) and $(TargetExt) property values match the value specified in %(Link.OutputFile).
       Link:
         F:\Program Files\Microsoft Visual Studio 12.0\VC\bin\link.exe /ERRORREPORT:PROMPT /OUT:"Release_Unicode\Valve3.ax" /INCREMENTAL /NOLOGO /LIBPATH:\Release_Unicode /LIBPATH:\lib strmbase.lib msvcrt.lib quartz.lib vfw32.lib winmm.lib kernel32.lib user32.lib gdi32.lib winspool.lib comdlg32.lib advapi32.lib shell32.lib ole32.lib oleaut32.lib uuid.lib odbc32.lib odbccp32.lib /NODEFAULTLIB /DEF:"F:\Moje dokumenty\Valve3\Valve3.def" /MANIFEST /MANIFESTUAC:"level='asInvoker' uiAccess='false'" /manifest:embed /PDB:"Release_Unicode\Valve_echo.pdb" /TLBID:1 /DYNAMICBASE /NXCOMPAT /IMPLIB:"Release_Unicode\Valve_echo.lib" /MACHINE:X86 /SAFESEH /DLL Release_Unicode\Valve3.res
         Release_Unicode\Valve3.obj
         Release_Unicode\Valve3Prop.obj
            Creating library Release_Unicode\Valve_echo.lib and object Release_Unicode\Valve_echo.exp
     1>Valve_echo.exp : warning LNK4070: /OUT:Valve_echo.Ax directive in .EXP differs from output filename 'Release_Unicode\Valve3.ax'; ignoring directive
     1>Valve3.obj : error LNK2019: unresolved external symbol __imp__accept@12 referenced in function "void __cdecl PortThread(void *)" (?PortThread@@YAXPAX@Z)
     1>Valve3.obj : error LNK2019: unresolved external symbol __imp__bind@12 referenced in function "void __cdecl PortThread(void *)" (?PortThread@@YAXPAX@Z)
     1>Valve3.obj : error LNK2019: unresolved external symbol __imp__closesocket@4 referenced in function "void __cdecl PortThread(void *)" (?PortThread@@YAXPAX@Z)
     1>Valve3.obj : error LNK2019: unresolved external symbol __imp__listen@8 referenced in function "void __cdecl PortThread(void *)" (?PortThread@@YAXPAX@Z)
     1>Valve3.obj : error LNK2019: unresolved external symbol __imp__recv@16 referenced in function "void __cdecl PortThread(void *)" (?PortThread@@YAXPAX@Z)
     1>Valve3.obj : error LNK2019: unresolved external symbol __imp__send@16 referenced in function "void __cdecl PortThread(void *)" (?PortThread@@YAXPAX@Z)
     1>Valve3.obj : error LNK2019: unresolved external symbol __imp__shutdown@8 referenced in function "void __cdecl PortThread(void *)" (?PortThread@@YAXPAX@Z)
     1>Valve3.obj : error LNK2019: unresolved external symbol __imp__socket@12 referenced in function "void __cdecl PortThread(void *)" (?PortThread@@YAXPAX@Z)
     1>Valve3.obj : error LNK2019: unresolved external symbol __imp__WSAStartup@8 referenced in function "void __cdecl PortThread(void *)" (?PortThread@@YAXPAX@Z)
     1>Valve3.obj : error LNK2019: unresolved external symbol __imp__WSACleanup@0 referenced in function "void __cdecl PortThread(void *)" (?PortThread@@YAXPAX@Z)
     1>Valve3.obj : error LNK2019: unresolved external symbol __imp__getaddrinfo@16 referenced in function "void __cdecl PortThread(void *)" (?PortThread@@YAXPAX@Z)
     1>Valve3.obj : error LNK2019: unresolved external symbol __imp__freeaddrinfo@4 referenced in function "void __cdecl PortThread(void *)" (?PortThread@@YAXPAX@Z)
     1>Valve3.obj : error LNK2019: unresolved external symbol "__declspec(dllimport) void __cdecl std::_Xbad_alloc(void)" (__imp_?_Xbad_alloc@std@@YAXXZ) referenced in function "char * __stdcall std::_Allocate<char>(unsigned int,char *)" (??$_Allocate@D@std@@YGPADIPAD@Z)
     1>Valve3.obj : error LNK2019: unresolved external symbol "__declspec(dllimport) void __cdecl std::_Xlength_error(char const *)" (__imp_?_Xlength_error@std@@YAXPBD@Z) referenced in function "public: bool __thiscall std::basic_string<char,struct std::char_traits<char>,class std::allocator<char> >::_Grow(unsigned int,bool)" (?_Grow@?$basic_string@DU?$char_traits@D@std@@V?$allocator@D@2@@std@@QAE_NI_N@Z)
     1>Valve3.obj : error LNK2019: unresolved external symbol "__declspec(dllimport) void __cdecl std::_Xout_of_range(char const *)" (__imp_?_Xout_of_range@std@@YAXPBD@Z) referenced in function "public: void __thiscall std::basic_string<char,struct std::char_traits<char>,class std::allocator<char> >::_Xran(void)const " (?_Xran@?$basic_string@DU?$char_traits@D@std@@V?$allocator@D@2@@std@@QBEXXZ)
     1>Valve3.obj : error LNK2019: unresolved external symbol "__declspec(dllimport) char const * __cdecl std::_Syserror_map(int)" (__imp_?_Syserror_map@std@@YAPBDH@Z) referenced in function "public: virtual class std::error_condition __thiscall std::_System_error_category::default_error_condition(int)const " (?default_error_condition@_System_error_category@std@@UBE?AVerror_condition@2@H@Z)
     1>Valve3.obj : error LNK2019: unresolved external symbol "__declspec(dllimport) char const * __cdecl std::_Winerror_map(int)" (__imp_?_Winerror_map@std@@YAPBDH@Z) referenced in function "public: virtual class std::basic_string<char,struct std::char_traits<char>,class std::allocator<char> > __thiscall std::_System_error_category::message(int)const " (?message@_System_error_category@std@@UBE?AV?$basic_string@DU?$char_traits@D@std@@V?$allocator@D@2@@2@H@Z)
     1>Valve3.obj : error LNK2001: unresolved external symbol "public: virtual long __stdcall CBaseFilter::JoinFilterGraph(struct IFilterGraph *,wchar_t const *)" (?JoinFilterGraph@CBaseFilter@@UAGJPAUIFilterGraph@@PB_W@Z)
     1>Valve3.obj : error LNK2001: unresolved external symbol "public: virtual long __stdcall CBaseFilter::QueryVendorInfo(wchar_t * *)" (?QueryVendorInfo@CBaseFilter@@UAGJPAPA_W@Z)
     1>Valve3.obj : error LNK2001: unresolved external symbol "public: virtual long __stdcall CTransformFilter::FindPin(wchar_t const *,struct IPin * *)" (?FindPin@CTransformFilter@@UAGJPB_WPAPAUIPin@@@Z)
     1>Valve3.obj : error LNK2019: unresolved external symbol "public: __thiscall CTransInPlaceFilter::CTransInPlaceFilter(wchar_t const *,struct IUnknown *,struct _GUID const &,long *,bool)" (??0CTransInPlaceFilter@@QAE@PB_WPAUIUnknown@@ABU_GUID@@PAJ_N@Z) referenced in function "public: __thiscall CValve3::CValve3(wchar_t *,struct IUnknown *,long *)" (??0CValve3@@QAE@PA_WPAUIUnknown@@PAJ@Z)
     1>Valve3Prop.obj : error LNK2019: unresolved external symbol "public: __thiscall CBasePropertyPage::CBasePropertyPage(wchar_t const *,struct IUnknown *,int,int)" (??0CBasePropertyPage@@QAE@PB_WPAUIUnknown@@HH@Z) referenced in function "private: __thiscall CValve3Properties::CValve3Properties(struct IUnknown *,long *)" (??0CValve3Properties@@AAE@PAUIUnknown@@PAJ@Z)
     1>Release_Unicode\Valve3.ax : fatal error LNK1120: 22 unresolved externals
     1>Done Building Project "F:\Moje dokumenty\Valve3\Valve3.vcxproj" (Rebuild target(s)) -- FAILED.

Build FAILED.

Time Elapsed 00:00:09.80
