Build started 2015-09-10 11:50:18.
     1>Project "F:\Moje dokumenty\Valve3\Valve3.vcxproj" on node 2 (Rebuild target(s)).
     1>ClCompile:
         F:\Program Files\Microsoft Visual Studio 12.0\VC\bin\CL.exe /c /I\. /I\include /Zi /nologo /W1 /WX- /O2 /Oy- /D WIN32 /D _WINDOWS /D _MT /D DLL /D DUMPBIN /Gm- /EHsc /MT /GS /fp:precise /Zc:wchar_t /Zc:forScope /Fo"Release\\" /Fd"Release\vc120.pdb" /Gz /TP /analyze- /errorReport:prompt Valve3.cpp Valve3Prop.cpp
         Valve3.cpp
         Valve3Prop.cpp
         Generating Code...
       ResourceCompile:
         D:\Program Files\Windows Kits\8.1\bin\x86\rc.exe /l"0x0409" /nologo /fo"Release\Valve3.res" Valve3.rc 
       Link:
         F:\Program Files\Microsoft Visual Studio 12.0\VC\bin\link.exe /ERRORREPORT:PROMPT /OUT:"F:\Moje dokumenty\Valve3\Release\Valve_echo2.ax" /INCREMENTAL /NOLOGO /LIBPATH:\Release /LIBPATH:\lib ws2_32.lib /DEF:"Valve3.def" /MANIFEST /MANIFESTUAC:"level='asInvoker' uiAccess='false'" /manifest:embed /PDB:"F:\Moje dokumenty\Valve3\Release\Valve_echo2.pdb" /TLBID:1 /DYNAMICBASE /NXCOMPAT /IMPLIB:"F:\Moje dokumenty\Valve3\Release\Valve_echo2.lib" /MACHINE:X86 /SAFESEH /FORCE:MULTIPLE /DLL Release\Valve3.res
         Release\Valve3.obj
         Release\Valve3Prop.obj
     1>LINK : warning LNK4075: ignoring '/INCREMENTAL' due to '/FORCE' specification
     1>Valve3Prop.obj : warning LNK4006: "public: static int CValve3::object_counter" (?object_counter@CValve3@@2HA) already defined in Valve3.obj; second definition ignored
     1>Strmbasd.lib(combase.obj) : warning LNK4075: ignoring '/EDITANDCONTINUE' due to '/OPT:ICF' specification
     1>Strmbasd.lib(wxutil.obj) : warning LNK4006: "public: __thiscall CCritSec::CCritSec(void)" (??0CCritSec@@QAE@XZ) already defined in Valve3.obj; second definition ignored
     1>Strmbasd.lib(wxutil.obj) : warning LNK4006: "public: __thiscall CCritSec::~CCritSec(void)" (??1CCritSec@@QAE@XZ) already defined in Valve3.obj; second definition ignored
     1>Strmbasd.lib(wxutil.obj) : warning LNK4006: "public: void __thiscall CCritSec::Lock(void)" (?Lock@CCritSec@@QAEXXZ) already defined in Valve3.obj; second definition ignored
     1>Strmbasd.lib(wxutil.obj) : warning LNK4006: "public: void __thiscall CCritSec::Unlock(void)" (?Unlock@CCritSec@@QAEXXZ) already defined in Valve3.obj; second definition ignored
     1>MSVCRTD.lib(ti_inst.obj) : warning LNK4006: "private: __thiscall type_info::type_info(class type_info const &)" (??0type_info@@AAE@ABV0@@Z) already defined in LIBCMT.lib(typinfo.obj); second definition ignored
     1>MSVCRTD.lib(ti_inst.obj) : warning LNK4006: "private: class type_info & __thiscall type_info::operator=(class type_info const &)" (??4type_info@@AAEAAV0@ABV0@@Z) already defined in LIBCMT.lib(typinfo.obj); second definition ignored
            Creating library F:\Moje dokumenty\Valve3\Release\Valve_echo2.lib and object F:\Moje dokumenty\Valve3\Release\Valve_echo2.exp
     1>LINK : warning LNK4098: defaultlib 'MSVCRTD' conflicts with use of other libs; use /NODEFAULTLIB:library
     1>F:\Moje dokumenty\Valve3\Release\Valve_echo2.ax : warning LNK4088: image being generated due to /FORCE option; image may not run
         Valve3.vcxproj -> F:\Moje dokumenty\Valve3\Release\Valve_echo2.ax
     1>Done Building Project "F:\Moje dokumenty\Valve3\Valve3.vcxproj" (Rebuild target(s)).

Build succeeded.

Time Elapsed 00:00:26.13
